<?xml version="1.0" encoding="UTF-8"?>
<!-- Generated by org.testng.reporters.JUnitXMLReporter -->
<testsuite hostname="LAPTOP-PHQCGIDH" ignored="0" name="Test" tests="4" failures="2" timestamp="2021-07-08T16:59:22 IST" time="57.365" errors="0">
  <testcase name="verifyLoginHeader" time="0.109" classname="com.qa.tests.LoginPageTest">
    <failure type="java.lang.AssertionError" message="expected [HOME] but found [Home]">
      <![CDATA[java.lang.AssertionError: expected [HOME] but found [Home]
at com.qa.tests.LoginPageTest.verifyLoginHeader(LoginPageTest.java:80)
at java.util.ArrayList.forEach(ArrayList.java:1259)
at java.util.concurrent.FutureTask.run(FutureTask.java:266)
at java.util.concurrent.ThreadPoolExecutor.runWorker(ThreadPoolExecutor.java:1149)
at java.util.concurrent.ThreadPoolExecutor$Worker.run(ThreadPoolExecutor.java:624)
at java.lang.Thread.run(Thread.java:748)
... Removed 24 stack frames]]>
    </failure>
  </testcase> <!-- verifyLoginHeader -->
  <testcase name="LoginPageTitleTest" time="0.014" classname="com.qa.tests.LoginPageTest"/>
  <testcase name="LoginTest" time="11.41" classname="com.qa.tests.LoginPageTest">
    <failure type="java.lang.AssertionError" message="expected [CRMPRO] but found [Free CRM - CRM software for customer relationship management, sales, and support.]">
      <![CDATA[java.lang.AssertionError: expected [CRMPRO] but found [Free CRM - CRM software for customer relationship management, sales, and support.]
at com.qa.tests.LoginPageTest.LoginTest(LoginPageTest.java:73)
at java.util.ArrayList.forEach(ArrayList.java:1259)
at java.util.concurrent.FutureTask.run(FutureTask.java:266)
at java.util.concurrent.ThreadPoolExecutor.runWorker(ThreadPoolExecutor.java:1149)
at java.util.concurrent.ThreadPoolExecutor$Worker.run(ThreadPoolExecutor.java:624)
at java.lang.Thread.run(Thread.java:748)
... Removed 24 stack frames]]>
    </failure>
  </testcase> <!-- LoginTest -->
  <testcase name="LoginTest" time="4.468" classname="com.qa.tests.LoginPageTest"/>
</testsuite> <!-- Test -->
