<?xml version="1.0" encoding="UTF-8"?>
<!-- Generated by org.testng.reporters.JUnitXMLReporter -->
<testsuite hostname="LAPTOP-PHQCGIDH" ignored="0" name="Test2" tests="1" failures="0" timestamp="2021-08-03T21:30:41 IST" time="0.026" errors="0">
  <testcase name="@BeforeTest setExtent" time="0.001" classname="com.qa.tests.HomePageTest">
    <failure type="java.lang.NoClassDefFoundError" message="com/relevantcodes/extentreports/ExtentReports">
      <![CDATA[java.lang.NoClassDefFoundError: com/relevantcodes/extentreports/ExtentReports
at com.qa.tests.HomePageTest.setExtent(HomePageTest.java:23)
Caused by: java.lang.ClassNotFoundException: com.relevantcodes.extentreports.ExtentReports
at java.net.URLClassLoader.findClass(URLClassLoader.java:382)
at java.lang.ClassLoader.loadClass(ClassLoader.java:418)
at sun.misc.Launcher$AppClassLoader.loadClass(Launcher.java:355)
at java.lang.ClassLoader.loadClass(ClassLoader.java:351)
... 25 more
... Removed 24 stack frames]]>
    </failure>
  </testcase> <!-- @BeforeTest setExtent -->
  <testcase name="@BeforeMethod setup" time="-1.628006441056E9" classname="com.qa.tests.BaseTest">
    <skipped/>
  </testcase> <!-- @BeforeMethod setup -->
  <testcase name="@AfterMethod tearDown" time="-1.628006441065E9" classname="com.qa.tests.BaseTest">
    <skipped/>
  </testcase> <!-- @AfterMethod tearDown -->
  <testcase name="@AfterTest closeExtent" time="-1.628006441069E9" classname="com.qa.tests.HomePageTest">
    <skipped/>
  </testcase> <!-- @AfterTest closeExtent -->
  <testcase name="validateHomePageTitleTest" time="0.0" classname="com.qa.tests.HomePageTest">
    <skipped/>
  </testcase> <!-- validateHomePageTitleTest -->
</testsuite> <!-- Test2 -->
